INFO - 2023-04-11 00:25:23 --> Session: Class initialized using 'CodeIgniter\Session\Handlers\DatabaseHandler' driver.
INFO - 2023-04-11 00:25:23 --> Session: Class initialized using 'CodeIgniter\Session\Handlers\DatabaseHandler' driver.
INFO - 2023-04-11 00:25:23 --> Session: Class initialized using 'CodeIgniter\Session\Handlers\DatabaseHandler' driver.
INFO - 2023-04-11 00:25:24 --> Session: Class initialized using 'CodeIgniter\Session\Handlers\DatabaseHandler' driver.
INFO - 2023-04-11 00:25:57 --> Session: Class initialized using 'CodeIgniter\Session\Handlers\DatabaseHandler' driver.
INFO - 2023-04-11 00:25:57 --> Session: Class initialized using 'CodeIgniter\Session\Handlers\DatabaseHandler' driver.
INFO - 2023-04-11 00:25:57 --> Session: Class initialized using 'CodeIgniter\Session\Handlers\DatabaseHandler' driver.
INFO - 2023-04-11 00:25:57 --> Session: Class initialized using 'CodeIgniter\Session\Handlers\DatabaseHandler' driver.
INFO - 2023-04-11 00:26:04 --> Session: Class initialized using 'CodeIgniter\Session\Handlers\DatabaseHandler' driver.
INFO - 2023-04-11 00:26:07 --> Session: Class initialized using 'CodeIgniter\Session\Handlers\DatabaseHandler' driver.
INFO - 2023-04-11 00:26:07 --> Session: Class initialized using 'CodeIgniter\Session\Handlers\DatabaseHandler' driver.
INFO - 2023-04-11 00:26:09 --> Session: Class initialized using 'CodeIgniter\Session\Handlers\DatabaseHandler' driver.
INFO - 2023-04-11 00:32:34 --> Session: Class initialized using 'CodeIgniter\Session\Handlers\DatabaseHandler' driver.
CRITICAL - 2023-04-11 00:32:34 --> App\Repository\ORMdefault\StorageRepository::category(): Argument #1 ($id) must be of type int, null given, called in /home/diego/_PHP/adm-codeigniter/app/Controllers/Adm/Storage/StorageController.php on line 67
in APPPATH/Repository/ORMdefault/StorageRepository.php on line 40.
 1 APPPATH/Controllers/Adm/Storage/StorageController.php(67): App\Repository\ORMdefault\StorageRepository->category(null)
 2 SYSTEMPATH/CodeIgniter.php(934): App\Controllers\Adm\Storage\StorageController->show('ae4d08a315b96c9787382f67a9ad5089997ee3b471df854275168092e6f3dc157c06cdba16519c9e15c0dd86bf3ae19fd3808e9dfd420baf8dbdea85c7ddf62434d6042ce360b99b10c3411d4cce1f4ea2')
 3 SYSTEMPATH/CodeIgniter.php(499): CodeIgniter\CodeIgniter->runController(Object(App\Controllers\Adm\Storage\StorageController))
 4 SYSTEMPATH/CodeIgniter.php(368): CodeIgniter\CodeIgniter->handleRequest(null, Object(Config\Cache), false)
 5 FCPATH/index.php(67): CodeIgniter\CodeIgniter->run()
 6 SYSTEMPATH/Commands/Server/rewrite.php(47): require_once('/home/diego/_PHP/adm-codeigniter/public/index.php')
INFO - 2023-04-11 00:32:55 --> Session: Class initialized using 'CodeIgniter\Session\Handlers\DatabaseHandler' driver.
INFO - 2023-04-11 00:37:34 --> Session: Class initialized using 'CodeIgniter\Session\Handlers\DatabaseHandler' driver.
INFO - 2023-04-11 00:38:04 --> Session: Class initialized using 'CodeIgniter\Session\Handlers\DatabaseHandler' driver.
CRITICAL - 2023-04-11 00:38:04 --> Cannot use bool as default value for parameter $view of type string
in APPPATH/Repository/ORMdefault/StorageRepository.php on line 40.
 1 [internal function]: CodeIgniter\Debug\Exceptions->shutdownHandler()
INFO - 2023-04-11 00:38:21 --> Session: Class initialized using 'CodeIgniter\Session\Handlers\DatabaseHandler' driver.
INFO - 2023-04-11 00:38:40 --> Session: Class initialized using 'CodeIgniter\Session\Handlers\DatabaseHandler' driver.
INFO - 2023-04-11 00:38:54 --> Session: Class initialized using 'CodeIgniter\Session\Handlers\DatabaseHandler' driver.
INFO - 2023-04-11 00:39:08 --> Session: Class initialized using 'CodeIgniter\Session\Handlers\DatabaseHandler' driver.
CRITICAL - 2023-04-11 00:39:08 --> Undefined variable $productId
in APPPATH/Views/adm/storage/product/components/tabEditProduct.php on line 4.
 1 APPPATH/Views/adm/storage/product/components/tabEditProduct.php(4): CodeIgniter\Debug\Exceptions->errorHandler(2, 'Undefined variable $productId', '/home/diego/_PHP/adm-codeigniter/app/Views/adm/storage/product/components/tabEditProduct.php', 4)
 2 SYSTEMPATH/View/View.php(213): include('/home/diego/_PHP/adm-codeigniter/app/Views/adm/storage/product/components/tabEditProduct.php')
 3 SYSTEMPATH/View/View.php(216): CodeIgniter\View\View->CodeIgniter\View\{closure}()
 4 SYSTEMPATH/View/View.php(431): CodeIgniter\View\View->render('adm/storage/product/components/tabEditProduct', null, true)
 5 APPPATH/Views/adm/storage/storage/show.php(24): CodeIgniter\View\View->include('adm/storage/product/components/tabEditProduct')
 6 SYSTEMPATH/View/View.php(213): include('/home/diego/_PHP/adm-codeigniter/app/Views/adm/storage/storage/show.php')
 7 SYSTEMPATH/View/View.php(216): CodeIgniter\View\View->CodeIgniter\View\{closure}()
 8 SYSTEMPATH/Common.php(1184): CodeIgniter\View\View->render('adm/storage/storage/show', [], true)
 9 APPPATH/Controllers/Adm/Storage/StorageController.php(71): view('adm/storage/storage/show', [...])
10 SYSTEMPATH/CodeIgniter.php(934): App\Controllers\Adm\Storage\StorageController->show('ae4d08a315b96c9787382f67a9ad5089997ee3b471df854275168092e6f3dc157c06cdba16519c9e15c0dd86bf3ae19fd3808e9dfd420baf8dbdea85c7ddf62434d6042ce360b99b10c3411d4cce1f4ea2')
11 SYSTEMPATH/CodeIgniter.php(499): CodeIgniter\CodeIgniter->runController(Object(App\Controllers\Adm\Storage\StorageController))
12 SYSTEMPATH/CodeIgniter.php(368): CodeIgniter\CodeIgniter->handleRequest(null, Object(Config\Cache), false)
13 FCPATH/index.php(67): CodeIgniter\CodeIgniter->run()
14 SYSTEMPATH/Commands/Server/rewrite.php(47): require_once('/home/diego/_PHP/adm-codeigniter/public/index.php')
INFO - 2023-04-11 00:39:39 --> Session: Class initialized using 'CodeIgniter\Session\Handlers\DatabaseHandler' driver.
CRITICAL - 2023-04-11 00:39:39 --> Undefined variable $product
in APPPATH/Views/adm/storage/storage/show.php on line 36.
 1 APPPATH/Views/adm/storage/storage/show.php(36): CodeIgniter\Debug\Exceptions->errorHandler(2, 'Undefined variable $product', '/home/diego/_PHP/adm-codeigniter/app/Views/adm/storage/storage/show.php', 36)
 2 SYSTEMPATH/View/View.php(213): include('/home/diego/_PHP/adm-codeigniter/app/Views/adm/storage/storage/show.php')
 3 SYSTEMPATH/View/View.php(216): CodeIgniter\View\View->CodeIgniter\View\{closure}()
 4 SYSTEMPATH/Common.php(1184): CodeIgniter\View\View->render('adm/storage/storage/show', [], true)
 5 APPPATH/Controllers/Adm/Storage/StorageController.php(71): view('adm/storage/storage/show', [...])
 6 SYSTEMPATH/CodeIgniter.php(934): App\Controllers\Adm\Storage\StorageController->show('ae4d08a315b96c9787382f67a9ad5089997ee3b471df854275168092e6f3dc157c06cdba16519c9e15c0dd86bf3ae19fd3808e9dfd420baf8dbdea85c7ddf62434d6042ce360b99b10c3411d4cce1f4ea2')
 7 SYSTEMPATH/CodeIgniter.php(499): CodeIgniter\CodeIgniter->runController(Object(App\Controllers\Adm\Storage\StorageController))
 8 SYSTEMPATH/CodeIgniter.php(368): CodeIgniter\CodeIgniter->handleRequest(null, Object(Config\Cache), false)
 9 FCPATH/index.php(67): CodeIgniter\CodeIgniter->run()
10 SYSTEMPATH/Commands/Server/rewrite.php(47): require_once('/home/diego/_PHP/adm-codeigniter/public/index.php')
INFO - 2023-04-11 00:40:03 --> Session: Class initialized using 'CodeIgniter\Session\Handlers\DatabaseHandler' driver.
CRITICAL - 2023-04-11 00:40:03 --> Undefined property: stdClass::$type_product
in APPPATH/Views/adm/storage/storage/show.php on line 41.
 1 APPPATH/Views/adm/storage/storage/show.php(41): CodeIgniter\Debug\Exceptions->errorHandler(2, 'Undefined property: stdClass::$type_product', '/home/diego/_PHP/adm-codeigniter/app/Views/adm/storage/storage/show.php', 41)
 2 SYSTEMPATH/View/View.php(213): include('/home/diego/_PHP/adm-codeigniter/app/Views/adm/storage/storage/show.php')
 3 SYSTEMPATH/View/View.php(216): CodeIgniter\View\View->CodeIgniter\View\{closure}()
 4 SYSTEMPATH/Common.php(1184): CodeIgniter\View\View->render('adm/storage/storage/show', [], true)
 5 APPPATH/Controllers/Adm/Storage/StorageController.php(71): view('adm/storage/storage/show', [...])
 6 SYSTEMPATH/CodeIgniter.php(934): App\Controllers\Adm\Storage\StorageController->show('ae4d08a315b96c9787382f67a9ad5089997ee3b471df854275168092e6f3dc157c06cdba16519c9e15c0dd86bf3ae19fd3808e9dfd420baf8dbdea85c7ddf62434d6042ce360b99b10c3411d4cce1f4ea2')
 7 SYSTEMPATH/CodeIgniter.php(499): CodeIgniter\CodeIgniter->runController(Object(App\Controllers\Adm\Storage\StorageController))
 8 SYSTEMPATH/CodeIgniter.php(368): CodeIgniter\CodeIgniter->handleRequest(null, Object(Config\Cache), false)
 9 FCPATH/index.php(67): CodeIgniter\CodeIgniter->run()
10 SYSTEMPATH/Commands/Server/rewrite.php(47): require_once('/home/diego/_PHP/adm-codeigniter/public/index.php')
INFO - 2023-04-11 00:40:27 --> Session: Class initialized using 'CodeIgniter\Session\Handlers\DatabaseHandler' driver.
INFO - 2023-04-11 00:40:54 --> Session: Class initialized using 'CodeIgniter\Session\Handlers\DatabaseHandler' driver.
INFO - 2023-04-11 00:40:54 --> Session: Class initialized using 'CodeIgniter\Session\Handlers\DatabaseHandler' driver.
INFO - 2023-04-11 00:41:29 --> Session: Class initialized using 'CodeIgniter\Session\Handlers\DatabaseHandler' driver.
INFO - 2023-04-11 00:41:30 --> Session: Class initialized using 'CodeIgniter\Session\Handlers\DatabaseHandler' driver.
INFO - 2023-04-11 00:41:50 --> Session: Class initialized using 'CodeIgniter\Session\Handlers\DatabaseHandler' driver.
INFO - 2023-04-11 00:41:50 --> Session: Class initialized using 'CodeIgniter\Session\Handlers\DatabaseHandler' driver.
INFO - 2023-04-11 00:42:05 --> Session: Class initialized using 'CodeIgniter\Session\Handlers\DatabaseHandler' driver.
INFO - 2023-04-11 00:42:05 --> Session: Class initialized using 'CodeIgniter\Session\Handlers\DatabaseHandler' driver.
INFO - 2023-04-11 00:42:13 --> Session: Class initialized using 'CodeIgniter\Session\Handlers\DatabaseHandler' driver.
INFO - 2023-04-11 00:42:13 --> Session: Class initialized using 'CodeIgniter\Session\Handlers\DatabaseHandler' driver.
INFO - 2023-04-11 00:42:13 --> Session: Class initialized using 'CodeIgniter\Session\Handlers\DatabaseHandler' driver.
INFO - 2023-04-11 00:42:13 --> Session: Class initialized using 'CodeIgniter\Session\Handlers\DatabaseHandler' driver.
INFO - 2023-04-11 00:42:15 --> Session: Class initialized using 'CodeIgniter\Session\Handlers\DatabaseHandler' driver.
INFO - 2023-04-11 00:42:15 --> Session: Class initialized using 'CodeIgniter\Session\Handlers\DatabaseHandler' driver.
INFO - 2023-04-11 00:42:50 --> Session: Class initialized using 'CodeIgniter\Session\Handlers\DatabaseHandler' driver.
INFO - 2023-04-11 00:42:50 --> Session: Class initialized using 'CodeIgniter\Session\Handlers\DatabaseHandler' driver.
INFO - 2023-04-11 00:42:50 --> Session: Class initialized using 'CodeIgniter\Session\Handlers\DatabaseHandler' driver.
INFO - 2023-04-11 00:42:50 --> Session: Class initialized using 'CodeIgniter\Session\Handlers\DatabaseHandler' driver.
INFO - 2023-04-11 00:43:03 --> Session: Class initialized using 'CodeIgniter\Session\Handlers\DatabaseHandler' driver.
INFO - 2023-04-11 00:43:03 --> Session: Class initialized using 'CodeIgniter\Session\Handlers\DatabaseHandler' driver.
INFO - 2023-04-11 00:43:03 --> Session: Class initialized using 'CodeIgniter\Session\Handlers\DatabaseHandler' driver.
INFO - 2023-04-11 00:43:03 --> Session: Class initialized using 'CodeIgniter\Session\Handlers\DatabaseHandler' driver.
INFO - 2023-04-11 00:47:55 --> Session: Class initialized using 'CodeIgniter\Session\Handlers\DatabaseHandler' driver.
CRITICAL - 2023-04-11 00:47:55 --> Call to undefined method App\Repository\ORMdefault\EmployeeRepository::getBy()
in APPPATH/Libraries/Authentication/EmployeeAuthentication.php on line 114.
 1 APPPATH/Libraries/Authentication/EmployeeAuthentication.php(61): App\Libraries\Authentication\EmployeeAuthentication->getAuthDataFromSession()
 2 APPPATH/Controllers/Adm/Rh/ClientController.php(32): App\Libraries\Authentication\EmployeeAuthentication->data()
 3 SYSTEMPATH/CodeIgniter.php(934): App\Controllers\Adm\Rh\ClientController->listSearch()
 4 SYSTEMPATH/CodeIgniter.php(499): CodeIgniter\CodeIgniter->runController(Object(App\Controllers\Adm\Rh\ClientController))
 5 SYSTEMPATH/CodeIgniter.php(368): CodeIgniter\CodeIgniter->handleRequest(null, Object(Config\Cache), false)
 6 FCPATH/index.php(67): CodeIgniter\CodeIgniter->run()
 7 SYSTEMPATH/Commands/Server/rewrite.php(47): require_once('/home/diego/_PHP/adm-codeigniter/public/index.php')
INFO - 2023-04-11 00:48:24 --> Session: Class initialized using 'CodeIgniter\Session\Handlers\DatabaseHandler' driver.
INFO - 2023-04-11 00:48:25 --> Session: Class initialized using 'CodeIgniter\Session\Handlers\DatabaseHandler' driver.
INFO - 2023-04-11 00:49:49 --> Session: Class initialized using 'CodeIgniter\Session\Handlers\DatabaseHandler' driver.
ERROR - 2023-04-11 00:49:49 --> ErrorException: pg_query(): Query failed: ERROR:  syntax error at or near &quot;1&quot;
LINE 4: AND  &quot;cliente&quot; 1 LIKE '%%' ESCAPE '!'
                       ^ in /home/diego/_PHP/adm-codeigniter/system/Database/Postgre/Connection.php:147
Stack trace:
#0 [internal function]: CodeIgniter\Debug\Exceptions->errorHandler(2, 'pg_query(): Que...', '/home/diego/_PH...', 147)
#1 /home/diego/_PHP/adm-codeigniter/system/Database/Postgre/Connection.php(147): pg_query(Object(PgSql\Connection), 'SELECT COUNT(*)...')
#2 /home/diego/_PHP/adm-codeigniter/system/Database/BaseConnection.php(691): CodeIgniter\Database\Postgre\Connection->execute('SELECT COUNT(*)...')
#3 /home/diego/_PHP/adm-codeigniter/system/Database/BaseConnection.php(605): CodeIgniter\Database\BaseConnection->simpleQuery('SELECT COUNT(*)...')
#4 /home/diego/_PHP/adm-codeigniter/system/Database/BaseBuilder.php(1700): CodeIgniter\Database\BaseConnection->query('SELECT COUNT(*)...', Array, false)
#5 /home/diego/_PHP/adm-codeigniter/system/Model.php(606): CodeIgniter\Database\BaseBuilder->countAllResults(false)
#6 /home/diego/_PHP/adm-codeigniter/system/BaseModel.php(1188): CodeIgniter\Model->countAllResults(false)
#7 /home/diego/_PHP/adm-codeigniter/app/Repository/ORMdefault/ClientRepository.php(25): CodeIgniter\BaseModel->paginate(10)
#8 /home/diego/_PHP/adm-codeigniter/app/Controllers/Adm/Rh/ClientController.php(43): App\Repository\ORMdefault\ClientRepository->getLike('cliente 1')
#9 /home/diego/_PHP/adm-codeigniter/system/CodeIgniter.php(934): App\Controllers\Adm\Rh\ClientController->listSearch()
#10 /home/diego/_PHP/adm-codeigniter/system/CodeIgniter.php(499): CodeIgniter\CodeIgniter->runController(Object(App\Controllers\Adm\Rh\ClientController))
#11 /home/diego/_PHP/adm-codeigniter/system/CodeIgniter.php(368): CodeIgniter\CodeIgniter->handleRequest(NULL, Object(Config\Cache), false)
#12 /home/diego/_PHP/adm-codeigniter/public/index.php(67): CodeIgniter\CodeIgniter->run()
#13 /home/diego/_PHP/adm-codeigniter/system/Commands/Server/rewrite.php(47): require_once('/home/diego/_PH...')
#14 {main}
CRITICAL - 2023-04-11 00:49:49 --> pg_query(): Query failed: ERROR:  syntax error at or near &quot;1&quot;
LINE 4: AND  &quot;cliente&quot; 1 LIKE '%%' ESCAPE '!'
                       ^
in SYSTEMPATH/Database/Postgre/Connection.php on line 147.
 1 [internal function]: CodeIgniter\Debug\Exceptions->errorHandler(2, 'pg_query(): Query failed: ERROR:  syntax error at or near &quot;1&quot;
LINE 4: AND  &quot;cliente&quot; 1 LIKE \'%%\' ESCAPE \'!\'
                       ^', '/home/diego/_PHP/adm-codeigniter/system/Database/Postgre/Connection.php', 147)
 2 SYSTEMPATH/Database/Postgre/Connection.php(147): pg_query(Object(PgSql\Connection), 'SELECT COUNT(*) AS "numrows"
FROM "clients"
WHERE "type_user_id" = 1
AND  "cliente" 1 LIKE \'%%\' ESCAPE \'!\'
AND "clients"."deleted_at" IS NULL')
 3 SYSTEMPATH/Database/BaseConnection.php(691): CodeIgniter\Database\Postgre\Connection->execute('SELECT COUNT(*) AS "numrows"
FROM "clients"
WHERE "type_user_id" = 1
AND  "cliente" 1 LIKE \'%%\' ESCAPE \'!\'
AND "clients"."deleted_at" IS NULL')
 4 SYSTEMPATH/Database/BaseConnection.php(605): CodeIgniter\Database\BaseConnection->simpleQuery('SELECT COUNT(*) AS "numrows"
FROM "clients"
WHERE "type_user_id" = 1
AND  "cliente" 1 LIKE \'%%\' ESCAPE \'!\'
AND "clients"."deleted_at" IS NULL')
 5 SYSTEMPATH/Database/BaseBuilder.php(1700): CodeIgniter\Database\BaseConnection->query('SELECT COUNT(*) AS "numrows"
FROM "clients"
WHERE "type_user_id" = :type_user_id:
AND  "cliente" 1 LIKE :cliente 1: ESCAPE \'!\'
AND "clients"."deleted_at" IS NULL', [...], false)
 6 SYSTEMPATH/Model.php(606): CodeIgniter\Database\BaseBuilder->countAllResults(false)
 7 SYSTEMPATH/BaseModel.php(1188): CodeIgniter\Model->countAllResults(false)
 8 APPPATH/Repository/ORMdefault/ClientRepository.php(25): CodeIgniter\BaseModel->paginate(10)
 9 APPPATH/Controllers/Adm/Rh/ClientController.php(43): App\Repository\ORMdefault\ClientRepository->getLike('cliente 1')
10 SYSTEMPATH/CodeIgniter.php(934): App\Controllers\Adm\Rh\ClientController->listSearch()
11 SYSTEMPATH/CodeIgniter.php(499): CodeIgniter\CodeIgniter->runController(Object(App\Controllers\Adm\Rh\ClientController))
12 SYSTEMPATH/CodeIgniter.php(368): CodeIgniter\CodeIgniter->handleRequest(null, Object(Config\Cache), false)
13 FCPATH/index.php(67): CodeIgniter\CodeIgniter->run()
14 SYSTEMPATH/Commands/Server/rewrite.php(47): require_once('/home/diego/_PHP/adm-codeigniter/public/index.php')
INFO - 2023-04-11 00:50:28 --> Session: Class initialized using 'CodeIgniter\Session\Handlers\DatabaseHandler' driver.
INFO - 2023-04-11 00:50:29 --> Session: Class initialized using 'CodeIgniter\Session\Handlers\DatabaseHandler' driver.
INFO - 2023-04-11 00:50:30 --> Session: Class initialized using 'CodeIgniter\Session\Handlers\DatabaseHandler' driver.
INFO - 2023-04-11 00:50:31 --> Session: Class initialized using 'CodeIgniter\Session\Handlers\DatabaseHandler' driver.
INFO - 2023-04-11 00:50:34 --> Session: Class initialized using 'CodeIgniter\Session\Handlers\DatabaseHandler' driver.
INFO - 2023-04-11 00:50:34 --> Session: Class initialized using 'CodeIgniter\Session\Handlers\DatabaseHandler' driver.
INFO - 2023-04-11 00:51:35 --> Session: Class initialized using 'CodeIgniter\Session\Handlers\DatabaseHandler' driver.
INFO - 2023-04-11 00:51:35 --> Session: Class initialized using 'CodeIgniter\Session\Handlers\DatabaseHandler' driver.
INFO - 2023-04-11 00:51:39 --> Session: Class initialized using 'CodeIgniter\Session\Handlers\DatabaseHandler' driver.
CRITICAL - 2023-04-11 00:51:39 --> App\Repository\ORMdefault\EmployeeRepository::getWhere(): Return value must be of type object, array returned
in APPPATH/Repository/ORMdefault/EmployeeRepository.php on line 53.
 1 APPPATH/Controllers/Adm/Rh/EmployeeController.php(46): App\Repository\ORMdefault\EmployeeRepository->getWhere([...])
 2 SYSTEMPATH/CodeIgniter.php(934): App\Controllers\Adm\Rh\EmployeeController->listSearch()
 3 SYSTEMPATH/CodeIgniter.php(499): CodeIgniter\CodeIgniter->runController(Object(App\Controllers\Adm\Rh\EmployeeController))
 4 SYSTEMPATH/CodeIgniter.php(368): CodeIgniter\CodeIgniter->handleRequest(null, Object(Config\Cache), false)
 5 FCPATH/index.php(67): CodeIgniter\CodeIgniter->run()
 6 SYSTEMPATH/Commands/Server/rewrite.php(47): require_once('/home/diego/_PHP/adm-codeigniter/public/index.php')
INFO - 2023-04-11 00:52:57 --> Session: Class initialized using 'CodeIgniter\Session\Handlers\DatabaseHandler' driver.
INFO - 2023-04-11 00:52:58 --> Session: Class initialized using 'CodeIgniter\Session\Handlers\DatabaseHandler' driver.
INFO - 2023-04-11 00:52:59 --> Session: Class initialized using 'CodeIgniter\Session\Handlers\DatabaseHandler' driver.
CRITICAL - 2023-04-11 00:52:59 --> App\Repository\ORMdefault\EmployeeRepository::getLike(): Argument #1 ($like) must be of type string, array given, called in /home/diego/_PHP/adm-codeigniter/app/Controllers/Adm/Rh/EmployeeController.php on line 46
in APPPATH/Repository/ORMdefault/EmployeeRepository.php on line 45.
 1 APPPATH/Controllers/Adm/Rh/EmployeeController.php(46): App\Repository\ORMdefault\EmployeeRepository->getLike([...])
 2 SYSTEMPATH/CodeIgniter.php(934): App\Controllers\Adm\Rh\EmployeeController->listSearch()
 3 SYSTEMPATH/CodeIgniter.php(499): CodeIgniter\CodeIgniter->runController(Object(App\Controllers\Adm\Rh\EmployeeController))
 4 SYSTEMPATH/CodeIgniter.php(368): CodeIgniter\CodeIgniter->handleRequest(null, Object(Config\Cache), false)
 5 FCPATH/index.php(67): CodeIgniter\CodeIgniter->run()
 6 SYSTEMPATH/Commands/Server/rewrite.php(47): require_once('/home/diego/_PHP/adm-codeigniter/public/index.php')
INFO - 2023-04-11 00:53:48 --> Session: Class initialized using 'CodeIgniter\Session\Handlers\DatabaseHandler' driver.
INFO - 2023-04-11 00:53:48 --> Session: Class initialized using 'CodeIgniter\Session\Handlers\DatabaseHandler' driver.
INFO - 2023-04-11 00:53:49 --> Session: Class initialized using 'CodeIgniter\Session\Handlers\DatabaseHandler' driver.
INFO - 2023-04-11 00:53:49 --> Session: Class initialized using 'CodeIgniter\Session\Handlers\DatabaseHandler' driver.
INFO - 2023-04-11 00:54:54 --> Session: Class initialized using 'CodeIgniter\Session\Handlers\DatabaseHandler' driver.
INFO - 2023-04-11 00:54:54 --> Session: Class initialized using 'CodeIgniter\Session\Handlers\DatabaseHandler' driver.
INFO - 2023-04-11 00:54:55 --> Session: Class initialized using 'CodeIgniter\Session\Handlers\DatabaseHandler' driver.
INFO - 2023-04-11 00:54:55 --> Session: Class initialized using 'CodeIgniter\Session\Handlers\DatabaseHandler' driver.
INFO - 2023-04-11 00:55:00 --> Session: Class initialized using 'CodeIgniter\Session\Handlers\DatabaseHandler' driver.
INFO - 2023-04-11 00:55:00 --> Session: Class initialized using 'CodeIgniter\Session\Handlers\DatabaseHandler' driver.
INFO - 2023-04-11 00:58:02 --> Session: Class initialized using 'CodeIgniter\Session\Handlers\DatabaseHandler' driver.
INFO - 2023-04-11 00:58:02 --> Session: Class initialized using 'CodeIgniter\Session\Handlers\DatabaseHandler' driver.
INFO - 2023-04-11 00:58:02 --> Session: Class initialized using 'CodeIgniter\Session\Handlers\DatabaseHandler' driver.
INFO - 2023-04-11 00:58:02 --> Session: Class initialized using 'CodeIgniter\Session\Handlers\DatabaseHandler' driver.
INFO - 2023-04-11 00:58:05 --> Session: Class initialized using 'CodeIgniter\Session\Handlers\DatabaseHandler' driver.
ERROR - 2023-04-11 00:58:05 --> ErrorException: pg_query(): Query failed: ERROR:  syntax error at or near &quot;&quot;expresso&quot;&quot;
LINE 3: WHERE &quot;description,&quot; &quot;expresso&quot; LIKE '%%' ESCAPE '!'
                             ^ in /home/diego/_PHP/adm-codeigniter/system/Database/Postgre/Connection.php:147
Stack trace:
#0 [internal function]: CodeIgniter\Debug\Exceptions->errorHandler(2, 'pg_query(): Que...', '/home/diego/_PH...', 147)
#1 /home/diego/_PHP/adm-codeigniter/system/Database/Postgre/Connection.php(147): pg_query(Object(PgSql\Connection), 'SELECT COUNT(*)...')
#2 /home/diego/_PHP/adm-codeigniter/system/Database/BaseConnection.php(691): CodeIgniter\Database\Postgre\Connection->execute('SELECT COUNT(*)...')
#3 /home/diego/_PHP/adm-codeigniter/system/Database/BaseConnection.php(605): CodeIgniter\Database\BaseConnection->simpleQuery('SELECT COUNT(*)...')
#4 /home/diego/_PHP/adm-codeigniter/system/Database/BaseBuilder.php(1700): CodeIgniter\Database\BaseConnection->query('SELECT COUNT(*)...', Array, false)
#5 /home/diego/_PHP/adm-codeigniter/system/Model.php(606): CodeIgniter\Database\BaseBuilder->countAllResults(false)
#6 /home/diego/_PHP/adm-codeigniter/system/BaseModel.php(1188): CodeIgniter\Model->countAllResults(false)
#7 /home/diego/_PHP/adm-codeigniter/app/Repository/ORMdefault/ProductRepository.php(47): CodeIgniter\BaseModel->paginate(10)
#8 /home/diego/_PHP/adm-codeigniter/app/Controllers/Adm/Storage/ProductController.php(47): App\Repository\ORMdefault\ProductRepository->getLike('description, ex...')
#9 /home/diego/_PHP/adm-codeigniter/system/CodeIgniter.php(934): App\Controllers\Adm\Storage\ProductController->listSearch()
#10 /home/diego/_PHP/adm-codeigniter/system/CodeIgniter.php(499): CodeIgniter\CodeIgniter->runController(Object(App\Controllers\Adm\Storage\ProductController))
#11 /home/diego/_PHP/adm-codeigniter/system/CodeIgniter.php(368): CodeIgniter\CodeIgniter->handleRequest(NULL, Object(Config\Cache), false)
#12 /home/diego/_PHP/adm-codeigniter/public/index.php(67): CodeIgniter\CodeIgniter->run()
#13 /home/diego/_PHP/adm-codeigniter/system/Commands/Server/rewrite.php(47): require_once('/home/diego/_PH...')
#14 {main}
CRITICAL - 2023-04-11 00:58:05 --> pg_query(): Query failed: ERROR:  syntax error at or near &quot;&quot;expresso&quot;&quot;
LINE 3: WHERE &quot;description,&quot; &quot;expresso&quot; LIKE '%%' ESCAPE '!'
                             ^
in SYSTEMPATH/Database/Postgre/Connection.php on line 147.
 1 [internal function]: CodeIgniter\Debug\Exceptions->errorHandler(2, 'pg_query(): Query failed: ERROR:  syntax error at or near &quot;&quot;expresso&quot;&quot;
LINE 3: WHERE &quot;description,&quot; &quot;expresso&quot; LIKE \'%%\' ESCAPE \'!\'
                             ^', '/home/diego/_PHP/adm-codeigniter/system/Database/Postgre/Connection.php', 147)
 2 SYSTEMPATH/Database/Postgre/Connection.php(147): pg_query(Object(PgSql\Connection), 'SELECT COUNT(*) AS "numrows"
FROM "products"
WHERE "description," "expresso" LIKE \'%%\' ESCAPE \'!\'
AND "products"."deleted_at" IS NULL')
 3 SYSTEMPATH/Database/BaseConnection.php(691): CodeIgniter\Database\Postgre\Connection->execute('SELECT COUNT(*) AS "numrows"
FROM "products"
WHERE "description," "expresso" LIKE \'%%\' ESCAPE \'!\'
AND "products"."deleted_at" IS NULL')
 4 SYSTEMPATH/Database/BaseConnection.php(605): CodeIgniter\Database\BaseConnection->simpleQuery('SELECT COUNT(*) AS "numrows"
FROM "products"
WHERE "description," "expresso" LIKE \'%%\' ESCAPE \'!\'
AND "products"."deleted_at" IS NULL')
 5 SYSTEMPATH/Database/BaseBuilder.php(1700): CodeIgniter\Database\BaseConnection->query('SELECT COUNT(*) AS "numrows"
FROM "products"
WHERE "description," "expresso" LIKE :description, expresso: ESCAPE \'!\'
AND "products"."deleted_at" IS NULL', [...], false)
 6 SYSTEMPATH/Model.php(606): CodeIgniter\Database\BaseBuilder->countAllResults(false)
 7 SYSTEMPATH/BaseModel.php(1188): CodeIgniter\Model->countAllResults(false)
 8 APPPATH/Repository/ORMdefault/ProductRepository.php(47): CodeIgniter\BaseModel->paginate(10)
 9 APPPATH/Controllers/Adm/Storage/ProductController.php(47): App\Repository\ORMdefault\ProductRepository->getLike('description, expresso')
10 SYSTEMPATH/CodeIgniter.php(934): App\Controllers\Adm\Storage\ProductController->listSearch()
11 SYSTEMPATH/CodeIgniter.php(499): CodeIgniter\CodeIgniter->runController(Object(App\Controllers\Adm\Storage\ProductController))
12 SYSTEMPATH/CodeIgniter.php(368): CodeIgniter\CodeIgniter->handleRequest(null, Object(Config\Cache), false)
13 FCPATH/index.php(67): CodeIgniter\CodeIgniter->run()
14 SYSTEMPATH/Commands/Server/rewrite.php(47): require_once('/home/diego/_PHP/adm-codeigniter/public/index.php')
INFO - 2023-04-11 00:58:30 --> Session: Class initialized using 'CodeIgniter\Session\Handlers\DatabaseHandler' driver.
INFO - 2023-04-11 00:58:30 --> Session: Class initialized using 'CodeIgniter\Session\Handlers\DatabaseHandler' driver.
INFO - 2023-04-11 00:58:31 --> Session: Class initialized using 'CodeIgniter\Session\Handlers\DatabaseHandler' driver.
ERROR - 2023-04-11 00:58:31 --> ErrorException: pg_query(): Query failed: ERROR:  syntax error at or near &quot;,&quot;
LINE 3: WHERE 'description', 'expresso' LIKE '%%' ESCAPE '!'
                           ^ in /home/diego/_PHP/adm-codeigniter/system/Database/Postgre/Connection.php:147
Stack trace:
#0 [internal function]: CodeIgniter\Debug\Exceptions->errorHandler(2, 'pg_query(): Que...', '/home/diego/_PH...', 147)
#1 /home/diego/_PHP/adm-codeigniter/system/Database/Postgre/Connection.php(147): pg_query(Object(PgSql\Connection), 'SELECT COUNT(*)...')
#2 /home/diego/_PHP/adm-codeigniter/system/Database/BaseConnection.php(691): CodeIgniter\Database\Postgre\Connection->execute('SELECT COUNT(*)...')
#3 /home/diego/_PHP/adm-codeigniter/system/Database/BaseConnection.php(605): CodeIgniter\Database\BaseConnection->simpleQuery('SELECT COUNT(*)...')
#4 /home/diego/_PHP/adm-codeigniter/system/Database/BaseBuilder.php(1700): CodeIgniter\Database\BaseConnection->query('SELECT COUNT(*)...', Array, false)
#5 /home/diego/_PHP/adm-codeigniter/system/Model.php(606): CodeIgniter\Database\BaseBuilder->countAllResults(false)
#6 /home/diego/_PHP/adm-codeigniter/system/BaseModel.php(1188): CodeIgniter\Model->countAllResults(false)
#7 /home/diego/_PHP/adm-codeigniter/app/Repository/ORMdefault/ProductRepository.php(47): CodeIgniter\BaseModel->paginate(10)
#8 /home/diego/_PHP/adm-codeigniter/app/Controllers/Adm/Storage/ProductController.php(47): App\Repository\ORMdefault\ProductRepository->getLike(''description', ...')
#9 /home/diego/_PHP/adm-codeigniter/system/CodeIgniter.php(934): App\Controllers\Adm\Storage\ProductController->listSearch()
#10 /home/diego/_PHP/adm-codeigniter/system/CodeIgniter.php(499): CodeIgniter\CodeIgniter->runController(Object(App\Controllers\Adm\Storage\ProductController))
#11 /home/diego/_PHP/adm-codeigniter/system/CodeIgniter.php(368): CodeIgniter\CodeIgniter->handleRequest(NULL, Object(Config\Cache), false)
#12 /home/diego/_PHP/adm-codeigniter/public/index.php(67): CodeIgniter\CodeIgniter->run()
#13 /home/diego/_PHP/adm-codeigniter/system/Commands/Server/rewrite.php(47): require_once('/home/diego/_PH...')
#14 {main}
CRITICAL - 2023-04-11 00:58:31 --> pg_query(): Query failed: ERROR:  syntax error at or near &quot;,&quot;
LINE 3: WHERE 'description', 'expresso' LIKE '%%' ESCAPE '!'
                           ^
in SYSTEMPATH/Database/Postgre/Connection.php on line 147.
 1 [internal function]: CodeIgniter\Debug\Exceptions->errorHandler(2, 'pg_query(): Query failed: ERROR:  syntax error at or near &quot;,&quot;
LINE 3: WHERE \'description\', \'expresso\' LIKE \'%%\' ESCAPE \'!\'
                           ^', '/home/diego/_PHP/adm-codeigniter/system/Database/Postgre/Connection.php', 147)
 2 SYSTEMPATH/Database/Postgre/Connection.php(147): pg_query(Object(PgSql\Connection), 'SELECT COUNT(*) AS "numrows"
FROM "products"
WHERE \'description\', \'expresso\' LIKE \'%%\' ESCAPE \'!\'
AND "products"."deleted_at" IS NULL')
 3 SYSTEMPATH/Database/BaseConnection.php(691): CodeIgniter\Database\Postgre\Connection->execute('SELECT COUNT(*) AS "numrows"
FROM "products"
WHERE \'description\', \'expresso\' LIKE \'%%\' ESCAPE \'!\'
AND "products"."deleted_at" IS NULL')
 4 SYSTEMPATH/Database/BaseConnection.php(605): CodeIgniter\Database\BaseConnection->simpleQuery('SELECT COUNT(*) AS "numrows"
FROM "products"
WHERE \'description\', \'expresso\' LIKE \'%%\' ESCAPE \'!\'
AND "products"."deleted_at" IS NULL')
 5 SYSTEMPATH/Database/BaseBuilder.php(1700): CodeIgniter\Database\BaseConnection->query('SELECT COUNT(*) AS "numrows"
FROM "products"
WHERE \'description\', \'expresso\' LIKE :\'description\', \'expresso\': ESCAPE \'!\'
AND "products"."deleted_at" IS NULL', [...], false)
 6 SYSTEMPATH/Model.php(606): CodeIgniter\Database\BaseBuilder->countAllResults(false)
 7 SYSTEMPATH/BaseModel.php(1188): CodeIgniter\Model->countAllResults(false)
 8 APPPATH/Repository/ORMdefault/ProductRepository.php(47): CodeIgniter\BaseModel->paginate(10)
 9 APPPATH/Controllers/Adm/Storage/ProductController.php(47): App\Repository\ORMdefault\ProductRepository->getLike('\'description\', \'expresso\'')
10 SYSTEMPATH/CodeIgniter.php(934): App\Controllers\Adm\Storage\ProductController->listSearch()
11 SYSTEMPATH/CodeIgniter.php(499): CodeIgniter\CodeIgniter->runController(Object(App\Controllers\Adm\Storage\ProductController))
12 SYSTEMPATH/CodeIgniter.php(368): CodeIgniter\CodeIgniter->handleRequest(null, Object(Config\Cache), false)
13 FCPATH/index.php(67): CodeIgniter\CodeIgniter->run()
14 SYSTEMPATH/Commands/Server/rewrite.php(47): require_once('/home/diego/_PHP/adm-codeigniter/public/index.php')
INFO - 2023-04-11 00:59:56 --> Session: Class initialized using 'CodeIgniter\Session\Handlers\DatabaseHandler' driver.
INFO - 2023-04-11 00:59:56 --> Session: Class initialized using 'CodeIgniter\Session\Handlers\DatabaseHandler' driver.
INFO - 2023-04-11 00:59:56 --> Session: Class initialized using 'CodeIgniter\Session\Handlers\DatabaseHandler' driver.
INFO - 2023-04-11 00:59:56 --> Session: Class initialized using 'CodeIgniter\Session\Handlers\DatabaseHandler' driver.
INFO - 2023-04-11 00:59:57 --> Session: Class initialized using 'CodeIgniter\Session\Handlers\DatabaseHandler' driver.
ERROR - 2023-04-11 00:59:57 --> ErrorException: pg_query(): Query failed: ERROR:  syntax error at or near &quot;:&quot;
LINE 3: WHERE 0 LIKE :0: ESCAPE '!'
                     ^ in /home/diego/_PHP/adm-codeigniter/system/Database/Postgre/Connection.php:147
Stack trace:
#0 [internal function]: CodeIgniter\Debug\Exceptions->errorHandler(2, 'pg_query(): Que...', '/home/diego/_PH...', 147)
#1 /home/diego/_PHP/adm-codeigniter/system/Database/Postgre/Connection.php(147): pg_query(Object(PgSql\Connection), 'SELECT COUNT(*)...')
#2 /home/diego/_PHP/adm-codeigniter/system/Database/BaseConnection.php(691): CodeIgniter\Database\Postgre\Connection->execute('SELECT COUNT(*)...')
#3 /home/diego/_PHP/adm-codeigniter/system/Database/BaseConnection.php(605): CodeIgniter\Database\BaseConnection->simpleQuery('SELECT COUNT(*)...')
#4 /home/diego/_PHP/adm-codeigniter/system/Database/BaseBuilder.php(1700): CodeIgniter\Database\BaseConnection->query('SELECT COUNT(*)...', Array, false)
#5 /home/diego/_PHP/adm-codeigniter/system/Model.php(606): CodeIgniter\Database\BaseBuilder->countAllResults(false)
#6 /home/diego/_PHP/adm-codeigniter/system/BaseModel.php(1188): CodeIgniter\Model->countAllResults(false)
#7 /home/diego/_PHP/adm-codeigniter/app/Repository/ORMdefault/ProductRepository.php(47): CodeIgniter\BaseModel->paginate(10)
#8 /home/diego/_PHP/adm-codeigniter/app/Controllers/Adm/Storage/ProductController.php(47): App\Repository\ORMdefault\ProductRepository->getLike(Array)
#9 /home/diego/_PHP/adm-codeigniter/system/CodeIgniter.php(934): App\Controllers\Adm\Storage\ProductController->listSearch()
#10 /home/diego/_PHP/adm-codeigniter/system/CodeIgniter.php(499): CodeIgniter\CodeIgniter->runController(Object(App\Controllers\Adm\Storage\ProductController))
#11 /home/diego/_PHP/adm-codeigniter/system/CodeIgniter.php(368): CodeIgniter\CodeIgniter->handleRequest(NULL, Object(Config\Cache), false)
#12 /home/diego/_PHP/adm-codeigniter/public/index.php(67): CodeIgniter\CodeIgniter->run()
#13 /home/diego/_PHP/adm-codeigniter/system/Commands/Server/rewrite.php(47): require_once('/home/diego/_PH...')
#14 {main}
CRITICAL - 2023-04-11 00:59:57 --> pg_query(): Query failed: ERROR:  syntax error at or near &quot;:&quot;
LINE 3: WHERE 0 LIKE :0: ESCAPE '!'
                     ^
in SYSTEMPATH/Database/Postgre/Connection.php on line 147.
 1 [internal function]: CodeIgniter\Debug\Exceptions->errorHandler(2, 'pg_query(): Query failed: ERROR:  syntax error at or near &quot;:&quot;
LINE 3: WHERE 0 LIKE :0: ESCAPE \'!\'
                     ^', '/home/diego/_PHP/adm-codeigniter/system/Database/Postgre/Connection.php', 147)
 2 SYSTEMPATH/Database/Postgre/Connection.php(147): pg_query(Object(PgSql\Connection), 'SELECT COUNT(*) AS "numrows"
FROM "products"
WHERE 0 LIKE :0: ESCAPE \'!\'
AND "products"."deleted_at" IS NULL')
 3 SYSTEMPATH/Database/BaseConnection.php(691): CodeIgniter\Database\Postgre\Connection->execute('SELECT COUNT(*) AS "numrows"
FROM "products"
WHERE 0 LIKE :0: ESCAPE \'!\'
AND "products"."deleted_at" IS NULL')
 4 SYSTEMPATH/Database/BaseConnection.php(605): CodeIgniter\Database\BaseConnection->simpleQuery('SELECT COUNT(*) AS "numrows"
FROM "products"
WHERE 0 LIKE :0: ESCAPE \'!\'
AND "products"."deleted_at" IS NULL')
 5 SYSTEMPATH/Database/BaseBuilder.php(1700): CodeIgniter\Database\BaseConnection->query('SELECT COUNT(*) AS "numrows"
FROM "products"
WHERE 0 LIKE :0: ESCAPE \'!\'
AND "products"."deleted_at" IS NULL', [...], false)
 6 SYSTEMPATH/Model.php(606): CodeIgniter\Database\BaseBuilder->countAllResults(false)
 7 SYSTEMPATH/BaseModel.php(1188): CodeIgniter\Model->countAllResults(false)
 8 APPPATH/Repository/ORMdefault/ProductRepository.php(47): CodeIgniter\BaseModel->paginate(10)
 9 APPPATH/Controllers/Adm/Storage/ProductController.php(47): App\Repository\ORMdefault\ProductRepository->getLike([...])
10 SYSTEMPATH/CodeIgniter.php(934): App\Controllers\Adm\Storage\ProductController->listSearch()
11 SYSTEMPATH/CodeIgniter.php(499): CodeIgniter\CodeIgniter->runController(Object(App\Controllers\Adm\Storage\ProductController))
12 SYSTEMPATH/CodeIgniter.php(368): CodeIgniter\CodeIgniter->handleRequest(null, Object(Config\Cache), false)
13 FCPATH/index.php(67): CodeIgniter\CodeIgniter->run()
14 SYSTEMPATH/Commands/Server/rewrite.php(47): require_once('/home/diego/_PHP/adm-codeigniter/public/index.php')
INFO - 2023-04-11 01:00:21 --> Session: Class initialized using 'CodeIgniter\Session\Handlers\DatabaseHandler' driver.
INFO - 2023-04-11 01:00:21 --> Session: Class initialized using 'CodeIgniter\Session\Handlers\DatabaseHandler' driver.
INFO - 2023-04-11 01:00:21 --> Session: Class initialized using 'CodeIgniter\Session\Handlers\DatabaseHandler' driver.
INFO - 2023-04-11 01:00:21 --> Session: Class initialized using 'CodeIgniter\Session\Handlers\DatabaseHandler' driver.
INFO - 2023-04-11 01:00:22 --> Session: Class initialized using 'CodeIgniter\Session\Handlers\DatabaseHandler' driver.
INFO - 2023-04-11 01:00:22 --> Session: Class initialized using 'CodeIgniter\Session\Handlers\DatabaseHandler' driver.
INFO - 2023-04-11 01:00:22 --> Session: Class initialized using 'CodeIgniter\Session\Handlers\DatabaseHandler' driver.
INFO - 2023-04-11 01:02:38 --> Session: Class initialized using 'CodeIgniter\Session\Handlers\DatabaseHandler' driver.
INFO - 2023-04-11 01:02:39 --> Session: Class initialized using 'CodeIgniter\Session\Handlers\DatabaseHandler' driver.
INFO - 2023-04-11 01:02:44 --> Session: Class initialized using 'CodeIgniter\Session\Handlers\DatabaseHandler' driver.
INFO - 2023-04-11 01:02:44 --> Session: Class initialized using 'CodeIgniter\Session\Handlers\DatabaseHandler' driver.
INFO - 2023-04-11 01:04:48 --> Session: Class initialized using 'CodeIgniter\Session\Handlers\DatabaseHandler' driver.
INFO - 2023-04-11 01:04:48 --> Session: Class initialized using 'CodeIgniter\Session\Handlers\DatabaseHandler' driver.
INFO - 2023-04-11 01:04:52 --> Session: Class initialized using 'CodeIgniter\Session\Handlers\DatabaseHandler' driver.
INFO - 2023-04-11 01:04:52 --> Session: Class initialized using 'CodeIgniter\Session\Handlers\DatabaseHandler' driver.
INFO - 2023-04-11 01:04:55 --> Session: Class initialized using 'CodeIgniter\Session\Handlers\DatabaseHandler' driver.
INFO - 2023-04-11 01:04:55 --> Session: Class initialized using 'CodeIgniter\Session\Handlers\DatabaseHandler' driver.
INFO - 2023-04-11 01:04:55 --> Session: Class initialized using 'CodeIgniter\Session\Handlers\DatabaseHandler' driver.
INFO - 2023-04-11 01:04:55 --> Session: Class initialized using 'CodeIgniter\Session\Handlers\DatabaseHandler' driver.
INFO - 2023-04-11 01:05:09 --> Session: Class initialized using 'CodeIgniter\Session\Handlers\DatabaseHandler' driver.
INFO - 2023-04-11 01:05:10 --> Session: Class initialized using 'CodeIgniter\Session\Handlers\DatabaseHandler' driver.
INFO - 2023-04-11 01:05:13 --> Session: Class initialized using 'CodeIgniter\Session\Handlers\DatabaseHandler' driver.
INFO - 2023-04-11 01:05:14 --> Session: Class initialized using 'CodeIgniter\Session\Handlers\DatabaseHandler' driver.
INFO - 2023-04-11 01:05:14 --> Session: Class initialized using 'CodeIgniter\Session\Handlers\DatabaseHandler' driver.
INFO - 2023-04-11 01:05:14 --> Session: Class initialized using 'CodeIgniter\Session\Handlers\DatabaseHandler' driver.
INFO - 2023-04-11 01:05:29 --> Session: Class initialized using 'CodeIgniter\Session\Handlers\DatabaseHandler' driver.
INFO - 2023-04-11 01:05:30 --> Session: Class initialized using 'CodeIgniter\Session\Handlers\DatabaseHandler' driver.
INFO - 2023-04-11 01:14:55 --> Session: Class initialized using 'CodeIgniter\Session\Handlers\DatabaseHandler' driver.
INFO - 2023-04-11 01:14:55 --> Session: Class initialized using 'CodeIgniter\Session\Handlers\DatabaseHandler' driver.
INFO - 2023-04-11 01:14:58 --> Session: Class initialized using 'CodeIgniter\Session\Handlers\DatabaseHandler' driver.
INFO - 2023-04-11 01:14:58 --> Session: Class initialized using 'CodeIgniter\Session\Handlers\DatabaseHandler' driver.
INFO - 2023-04-11 01:15:00 --> Session: Class initialized using 'CodeIgniter\Session\Handlers\DatabaseHandler' driver.
INFO - 2023-04-11 01:15:00 --> Session: Class initialized using 'CodeIgniter\Session\Handlers\DatabaseHandler' driver.
INFO - 2023-04-11 11:15:53 --> Session: Class initialized using 'CodeIgniter\Session\Handlers\DatabaseHandler' driver.
INFO - 2023-04-11 11:15:54 --> Session: Class initialized using 'CodeIgniter\Session\Handlers\DatabaseHandler' driver.
INFO - 2023-04-11 11:16:01 --> Session: Class initialized using 'CodeIgniter\Session\Handlers\DatabaseHandler' driver.
INFO - 2023-04-11 11:16:01 --> CSRF token verified.
INFO - 2023-04-11 11:16:01 --> Session: Class initialized using 'CodeIgniter\Session\Handlers\DatabaseHandler' driver.
INFO - 2023-04-11 11:16:01 --> Session: Class initialized using 'CodeIgniter\Session\Handlers\DatabaseHandler' driver.
INFO - 2023-04-11 11:16:11 --> Session: Class initialized using 'CodeIgniter\Session\Handlers\DatabaseHandler' driver.
INFO - 2023-04-11 11:16:11 --> CSRF token verified.
INFO - 2023-04-11 11:16:11 --> Session: Class initialized using 'CodeIgniter\Session\Handlers\DatabaseHandler' driver.
INFO - 2023-04-11 11:16:12 --> Session: Class initialized using 'CodeIgniter\Session\Handlers\DatabaseHandler' driver.
INFO - 2023-04-11 11:16:22 --> Session: Class initialized using 'CodeIgniter\Session\Handlers\DatabaseHandler' driver.
INFO - 2023-04-11 11:16:22 --> CSRF token verified.
INFO - 2023-04-11 11:16:22 --> Session: Class initialized using 'CodeIgniter\Session\Handlers\DatabaseHandler' driver.
INFO - 2023-04-11 11:16:23 --> Session: Class initialized using 'CodeIgniter\Session\Handlers\DatabaseHandler' driver.
INFO - 2023-04-11 11:16:28 --> Session: Class initialized using 'CodeIgniter\Session\Handlers\DatabaseHandler' driver.
INFO - 2023-04-11 11:16:28 --> CSRF token verified.
INFO - 2023-04-11 11:16:28 --> Session: Class initialized using 'CodeIgniter\Session\Handlers\DatabaseHandler' driver.
INFO - 2023-04-11 11:16:29 --> Session: Class initialized using 'CodeIgniter\Session\Handlers\DatabaseHandler' driver.
INFO - 2023-04-11 11:16:35 --> Session: Class initialized using 'CodeIgniter\Session\Handlers\DatabaseHandler' driver.
INFO - 2023-04-11 11:16:35 --> Session: Class initialized using 'CodeIgniter\Session\Handlers\DatabaseHandler' driver.
INFO - 2023-04-11 11:16:35 --> Session: Class initialized using 'CodeIgniter\Session\Handlers\DatabaseHandler' driver.
INFO - 2023-04-11 11:16:36 --> Session: Class initialized using 'CodeIgniter\Session\Handlers\DatabaseHandler' driver.
INFO - 2023-04-11 11:16:40 --> Session: Class initialized using 'CodeIgniter\Session\Handlers\DatabaseHandler' driver.
INFO - 2023-04-11 11:16:40 --> Session: Class initialized using 'CodeIgniter\Session\Handlers\DatabaseHandler' driver.
INFO - 2023-04-11 11:25:24 --> Session: Class initialized using 'CodeIgniter\Session\Handlers\DatabaseHandler' driver.
INFO - 2023-04-11 11:25:24 --> Session: Class initialized using 'CodeIgniter\Session\Handlers\DatabaseHandler' driver.
INFO - 2023-04-11 11:25:27 --> Session: Class initialized using 'CodeIgniter\Session\Handlers\DatabaseHandler' driver.
CRITICAL - 2023-04-11 11:25:27 --> Undefined variable $productId
in APPPATH/Views/adm/storage/storage/components/tabEditStorage.php on line 4.
 1 APPPATH/Views/adm/storage/storage/components/tabEditStorage.php(4): CodeIgniter\Debug\Exceptions->errorHandler(2, 'Undefined variable $productId', '/home/diego/_PHP/adm-codeigniter/app/Views/adm/storage/storage/components/tabEditStorage.php', 4)
 2 SYSTEMPATH/View/View.php(213): include('/home/diego/_PHP/adm-codeigniter/app/Views/adm/storage/storage/components/tabEditStorage.php')
 3 SYSTEMPATH/View/View.php(216): CodeIgniter\View\View->CodeIgniter\View\{closure}()
 4 SYSTEMPATH/View/View.php(431): CodeIgniter\View\View->render('adm/storage/storage/components/tabEditStorage', null, true)
 5 APPPATH/Views/adm/storage/storage/listSearch.php(43): CodeIgniter\View\View->include('adm/storage/storage/components/tabEditStorage')
 6 SYSTEMPATH/View/View.php(213): include('/home/diego/_PHP/adm-codeigniter/app/Views/adm/storage/storage/listSearch.php')
 7 SYSTEMPATH/View/View.php(216): CodeIgniter\View\View->CodeIgniter\View\{closure}()
 8 SYSTEMPATH/Common.php(1184): CodeIgniter\View\View->render('adm/storage/storage/listSearch', [], true)
 9 APPPATH/Controllers/Adm/Storage/StorageController.php(53): view('adm/storage/storage/listSearch', [...])
10 SYSTEMPATH/CodeIgniter.php(934): App\Controllers\Adm\Storage\StorageController->listSearch()
11 SYSTEMPATH/CodeIgniter.php(499): CodeIgniter\CodeIgniter->runController(Object(App\Controllers\Adm\Storage\StorageController))
12 SYSTEMPATH/CodeIgniter.php(368): CodeIgniter\CodeIgniter->handleRequest(null, Object(Config\Cache), false)
13 FCPATH/index.php(67): CodeIgniter\CodeIgniter->run()
14 SYSTEMPATH/Commands/Server/rewrite.php(47): require_once('/home/diego/_PHP/adm-codeigniter/public/index.php')
INFO - 2023-04-11 11:26:07 --> Session: Class initialized using 'CodeIgniter\Session\Handlers\DatabaseHandler' driver.
INFO - 2023-04-11 11:26:08 --> Session: Class initialized using 'CodeIgniter\Session\Handlers\DatabaseHandler' driver.
INFO - 2023-04-11 11:26:08 --> Session: Class initialized using 'CodeIgniter\Session\Handlers\DatabaseHandler' driver.
INFO - 2023-04-11 11:26:08 --> Session: Class initialized using 'CodeIgniter\Session\Handlers\DatabaseHandler' driver.
INFO - 2023-04-11 11:26:10 --> Session: Class initialized using 'CodeIgniter\Session\Handlers\DatabaseHandler' driver.
CRITICAL - 2023-04-11 11:26:10 --> Undefined variable $productId
in APPPATH/Views/adm/storage/storage/components/tabEditStorage.php on line 4.
 1 APPPATH/Views/adm/storage/storage/components/tabEditStorage.php(4): CodeIgniter\Debug\Exceptions->errorHandler(2, 'Undefined variable $productId', '/home/diego/_PHP/adm-codeigniter/app/Views/adm/storage/storage/components/tabEditStorage.php', 4)
 2 SYSTEMPATH/View/View.php(213): include('/home/diego/_PHP/adm-codeigniter/app/Views/adm/storage/storage/components/tabEditStorage.php')
 3 SYSTEMPATH/View/View.php(216): CodeIgniter\View\View->CodeIgniter\View\{closure}()
 4 SYSTEMPATH/View/View.php(431): CodeIgniter\View\View->render('adm/storage/storage/components/tabEditStorage', null, true)
 5 APPPATH/Views/adm/storage/storage/show.php(24): CodeIgniter\View\View->include('adm/storage/storage/components/tabEditStorage')
 6 SYSTEMPATH/View/View.php(213): include('/home/diego/_PHP/adm-codeigniter/app/Views/adm/storage/storage/show.php')
 7 SYSTEMPATH/View/View.php(216): CodeIgniter\View\View->CodeIgniter\View\{closure}()
 8 SYSTEMPATH/Common.php(1184): CodeIgniter\View\View->render('adm/storage/storage/show', [], true)
 9 APPPATH/Controllers/Adm/Storage/StorageController.php(72): view('adm/storage/storage/show', [...])
10 SYSTEMPATH/CodeIgniter.php(934): App\Controllers\Adm\Storage\StorageController->show('f3cfda3086640ad6a2e4ed6e25975c42176424883546f14b01b6de3683003bdb9ed4779c9c7f4e4c81ec553a0ccec10afda36fd402d430550581070d3a94b56f78f7f6f1da86db94b74a926c200c715dd3')
11 SYSTEMPATH/CodeIgniter.php(499): CodeIgniter\CodeIgniter->runController(Object(App\Controllers\Adm\Storage\StorageController))
12 SYSTEMPATH/CodeIgniter.php(368): CodeIgniter\CodeIgniter->handleRequest(null, Object(Config\Cache), false)
13 FCPATH/index.php(67): CodeIgniter\CodeIgniter->run()
14 SYSTEMPATH/Commands/Server/rewrite.php(47): require_once('/home/diego/_PHP/adm-codeigniter/public/index.php')
INFO - 2023-04-11 11:26:58 --> Session: Class initialized using 'CodeIgniter\Session\Handlers\DatabaseHandler' driver.
INFO - 2023-04-11 11:26:59 --> Session: Class initialized using 'CodeIgniter\Session\Handlers\DatabaseHandler' driver.
INFO - 2023-04-11 11:27:23 --> Session: Class initialized using 'CodeIgniter\Session\Handlers\DatabaseHandler' driver.
INFO - 2023-04-11 11:27:23 --> Session: Class initialized using 'CodeIgniter\Session\Handlers\DatabaseHandler' driver.
INFO - 2023-04-11 11:28:10 --> Session: Class initialized using 'CodeIgniter\Session\Handlers\DatabaseHandler' driver.
INFO - 2023-04-11 11:28:10 --> Session: Class initialized using 'CodeIgniter\Session\Handlers\DatabaseHandler' driver.
INFO - 2023-04-11 11:28:17 --> Session: Class initialized using 'CodeIgniter\Session\Handlers\DatabaseHandler' driver.
INFO - 2023-04-11 11:28:17 --> Session: Class initialized using 'CodeIgniter\Session\Handlers\DatabaseHandler' driver.
INFO - 2023-04-11 11:29:50 --> Session: Class initialized using 'CodeIgniter\Session\Handlers\DatabaseHandler' driver.
INFO - 2023-04-11 11:29:50 --> Session: Class initialized using 'CodeIgniter\Session\Handlers\DatabaseHandler' driver.
INFO - 2023-04-11 11:34:28 --> Session: Class initialized using 'CodeIgniter\Session\Handlers\DatabaseHandler' driver.
INFO - 2023-04-11 11:34:29 --> Session: Class initialized using 'CodeIgniter\Session\Handlers\DatabaseHandler' driver.
INFO - 2023-04-11 11:34:30 --> Session: Class initialized using 'CodeIgniter\Session\Handlers\DatabaseHandler' driver.
CRITICAL - 2023-04-11 11:34:30 --> Undefined variable $typeProductList
in APPPATH/Views/adm/storage/storage/add.php on line 66.
 1 APPPATH/Views/adm/storage/storage/add.php(66): CodeIgniter\Debug\Exceptions->errorHandler(2, 'Undefined variable $typeProductList', '/home/diego/_PHP/adm-codeigniter/app/Views/adm/storage/storage/add.php', 66)
 2 SYSTEMPATH/View/View.php(213): include('/home/diego/_PHP/adm-codeigniter/app/Views/adm/storage/storage/add.php')
 3 SYSTEMPATH/View/View.php(216): CodeIgniter\View\View->CodeIgniter\View\{closure}()
 4 SYSTEMPATH/Common.php(1184): CodeIgniter\View\View->render('adm/storage/storage/add', [], true)
 5 APPPATH/Controllers/Adm/Storage/StorageController.php(91): view('adm/storage/storage/add', [...])
 6 SYSTEMPATH/CodeIgniter.php(934): App\Controllers\Adm\Storage\StorageController->add('f3cfda3086640ad6a2e4ed6e25975c42176424883546f14b01b6de3683003bdb9ed4779c9c7f4e4c81ec553a0ccec10afda36fd402d430550581070d3a94b56f78f7f6f1da86db94b74a926c200c715dd3')
 7 SYSTEMPATH/CodeIgniter.php(499): CodeIgniter\CodeIgniter->runController(Object(App\Controllers\Adm\Storage\StorageController))
 8 SYSTEMPATH/CodeIgniter.php(368): CodeIgniter\CodeIgniter->handleRequest(null, Object(Config\Cache), false)
 9 FCPATH/index.php(67): CodeIgniter\CodeIgniter->run()
10 SYSTEMPATH/Commands/Server/rewrite.php(47): require_once('/home/diego/_PHP/adm-codeigniter/public/index.php')
INFO - 2023-04-11 11:35:03 --> Session: Class initialized using 'CodeIgniter\Session\Handlers\DatabaseHandler' driver.
INFO - 2023-04-11 11:35:04 --> Session: Class initialized using 'CodeIgniter\Session\Handlers\DatabaseHandler' driver.
INFO - 2023-04-11 11:35:19 --> Session: Class initialized using 'CodeIgniter\Session\Handlers\DatabaseHandler' driver.
INFO - 2023-04-11 11:35:20 --> Session: Class initialized using 'CodeIgniter\Session\Handlers\DatabaseHandler' driver.
INFO - 2023-04-11 11:35:22 --> Session: Class initialized using 'CodeIgniter\Session\Handlers\DatabaseHandler' driver.
INFO - 2023-04-11 11:35:22 --> Session: Class initialized using 'CodeIgniter\Session\Handlers\DatabaseHandler' driver.
INFO - 2023-04-11 11:35:29 --> Session: Class initialized using 'CodeIgniter\Session\Handlers\DatabaseHandler' driver.
INFO - 2023-04-11 11:35:29 --> Session: Class initialized using 'CodeIgniter\Session\Handlers\DatabaseHandler' driver.
INFO - 2023-04-11 11:35:30 --> Session: Class initialized using 'CodeIgniter\Session\Handlers\DatabaseHandler' driver.
INFO - 2023-04-11 11:35:31 --> Session: Class initialized using 'CodeIgniter\Session\Handlers\DatabaseHandler' driver.
INFO - 2023-04-11 11:35:49 --> Session: Class initialized using 'CodeIgniter\Session\Handlers\DatabaseHandler' driver.
INFO - 2023-04-11 11:35:50 --> Session: Class initialized using 'CodeIgniter\Session\Handlers\DatabaseHandler' driver.
INFO - 2023-04-11 11:36:19 --> Session: Class initialized using 'CodeIgniter\Session\Handlers\DatabaseHandler' driver.
INFO - 2023-04-11 11:36:19 --> Session: Class initialized using 'CodeIgniter\Session\Handlers\DatabaseHandler' driver.
INFO - 2023-04-11 11:36:29 --> Session: Class initialized using 'CodeIgniter\Session\Handlers\DatabaseHandler' driver.
INFO - 2023-04-11 11:36:30 --> Session: Class initialized using 'CodeIgniter\Session\Handlers\DatabaseHandler' driver.
INFO - 2023-04-11 11:37:33 --> Session: Class initialized using 'CodeIgniter\Session\Handlers\DatabaseHandler' driver.
INFO - 2023-04-11 11:37:34 --> Session: Class initialized using 'CodeIgniter\Session\Handlers\DatabaseHandler' driver.
INFO - 2023-04-11 11:38:10 --> Session: Class initialized using 'CodeIgniter\Session\Handlers\DatabaseHandler' driver.
INFO - 2023-04-11 11:38:11 --> Session: Class initialized using 'CodeIgniter\Session\Handlers\DatabaseHandler' driver.
INFO - 2023-04-11 11:38:33 --> Session: Class initialized using 'CodeIgniter\Session\Handlers\DatabaseHandler' driver.
INFO - 2023-04-11 11:38:33 --> Session: Class initialized using 'CodeIgniter\Session\Handlers\DatabaseHandler' driver.
INFO - 2023-04-11 11:39:20 --> Session: Class initialized using 'CodeIgniter\Session\Handlers\DatabaseHandler' driver.
INFO - 2023-04-11 11:39:20 --> Session: Class initialized using 'CodeIgniter\Session\Handlers\DatabaseHandler' driver.
INFO - 2023-04-11 11:39:26 --> Session: Class initialized using 'CodeIgniter\Session\Handlers\DatabaseHandler' driver.
INFO - 2023-04-11 11:39:27 --> Session: Class initialized using 'CodeIgniter\Session\Handlers\DatabaseHandler' driver.
INFO - 2023-04-11 11:43:00 --> Session: Class initialized using 'CodeIgniter\Session\Handlers\DatabaseHandler' driver.
INFO - 2023-04-11 11:43:00 --> Session: Class initialized using 'CodeIgniter\Session\Handlers\DatabaseHandler' driver.
INFO - 2023-04-11 11:43:34 --> Session: Class initialized using 'CodeIgniter\Session\Handlers\DatabaseHandler' driver.
INFO - 2023-04-11 11:43:35 --> Session: Class initialized using 'CodeIgniter\Session\Handlers\DatabaseHandler' driver.
INFO - 2023-04-11 11:44:26 --> Session: Class initialized using 'CodeIgniter\Session\Handlers\DatabaseHandler' driver.
INFO - 2023-04-11 11:44:26 --> Session: Class initialized using 'CodeIgniter\Session\Handlers\DatabaseHandler' driver.
INFO - 2023-04-11 11:44:48 --> Session: Class initialized using 'CodeIgniter\Session\Handlers\DatabaseHandler' driver.
INFO - 2023-04-11 11:44:48 --> Session: Class initialized using 'CodeIgniter\Session\Handlers\DatabaseHandler' driver.
INFO - 2023-04-11 11:45:38 --> Session: Class initialized using 'CodeIgniter\Session\Handlers\DatabaseHandler' driver.
INFO - 2023-04-11 11:45:39 --> Session: Class initialized using 'CodeIgniter\Session\Handlers\DatabaseHandler' driver.
INFO - 2023-04-11 11:45:54 --> Session: Class initialized using 'CodeIgniter\Session\Handlers\DatabaseHandler' driver.
INFO - 2023-04-11 11:45:54 --> Session: Class initialized using 'CodeIgniter\Session\Handlers\DatabaseHandler' driver.
INFO - 2023-04-11 11:46:08 --> Session: Class initialized using 'CodeIgniter\Session\Handlers\DatabaseHandler' driver.
INFO - 2023-04-11 11:46:08 --> Session: Class initialized using 'CodeIgniter\Session\Handlers\DatabaseHandler' driver.
INFO - 2023-04-11 11:46:32 --> Session: Class initialized using 'CodeIgniter\Session\Handlers\DatabaseHandler' driver.
INFO - 2023-04-11 11:46:33 --> Session: Class initialized using 'CodeIgniter\Session\Handlers\DatabaseHandler' driver.
INFO - 2023-04-11 11:46:39 --> Session: Class initialized using 'CodeIgniter\Session\Handlers\DatabaseHandler' driver.
INFO - 2023-04-11 11:46:40 --> Session: Class initialized using 'CodeIgniter\Session\Handlers\DatabaseHandler' driver.
INFO - 2023-04-11 11:46:55 --> Session: Class initialized using 'CodeIgniter\Session\Handlers\DatabaseHandler' driver.
INFO - 2023-04-11 11:46:56 --> Session: Class initialized using 'CodeIgniter\Session\Handlers\DatabaseHandler' driver.
INFO - 2023-04-11 11:47:15 --> Session: Class initialized using 'CodeIgniter\Session\Handlers\DatabaseHandler' driver.
INFO - 2023-04-11 11:47:15 --> Session: Class initialized using 'CodeIgniter\Session\Handlers\DatabaseHandler' driver.
INFO - 2023-04-11 13:06:56 --> Session: Class initialized using 'CodeIgniter\Session\Handlers\DatabaseHandler' driver.
INFO - 2023-04-11 13:06:57 --> Session: Class initialized using 'CodeIgniter\Session\Handlers\DatabaseHandler' driver.
INFO - 2023-04-11 13:07:11 --> Session: Class initialized using 'CodeIgniter\Session\Handlers\DatabaseHandler' driver.
INFO - 2023-04-11 13:07:11 --> Session: Class initialized using 'CodeIgniter\Session\Handlers\DatabaseHandler' driver.
INFO - 2023-04-11 13:07:31 --> Session: Class initialized using 'CodeIgniter\Session\Handlers\DatabaseHandler' driver.
INFO - 2023-04-11 13:07:31 --> Session: Class initialized using 'CodeIgniter\Session\Handlers\DatabaseHandler' driver.
INFO - 2023-04-11 13:07:51 --> Session: Class initialized using 'CodeIgniter\Session\Handlers\DatabaseHandler' driver.
INFO - 2023-04-11 13:07:52 --> Session: Class initialized using 'CodeIgniter\Session\Handlers\DatabaseHandler' driver.
INFO - 2023-04-11 13:08:51 --> Session: Class initialized using 'CodeIgniter\Session\Handlers\DatabaseHandler' driver.
INFO - 2023-04-11 13:08:53 --> Session: Class initialized using 'CodeIgniter\Session\Handlers\DatabaseHandler' driver.
INFO - 2023-04-11 13:08:53 --> Session: Class initialized using 'CodeIgniter\Session\Handlers\DatabaseHandler' driver.
INFO - 2023-04-11 13:08:54 --> Session: Class initialized using 'CodeIgniter\Session\Handlers\DatabaseHandler' driver.
INFO - 2023-04-11 13:09:10 --> Session: Class initialized using 'CodeIgniter\Session\Handlers\DatabaseHandler' driver.
INFO - 2023-04-11 13:09:10 --> Session: Class initialized using 'CodeIgniter\Session\Handlers\DatabaseHandler' driver.
INFO - 2023-04-11 13:41:27 --> Session: Class initialized using 'CodeIgniter\Session\Handlers\DatabaseHandler' driver.
INFO - 2023-04-11 13:41:27 --> Session: Class initialized using 'CodeIgniter\Session\Handlers\DatabaseHandler' driver.
INFO - 2023-04-11 13:45:03 --> Session: Class initialized using 'CodeIgniter\Session\Handlers\DatabaseHandler' driver.
INFO - 2023-04-11 13:45:04 --> Session: Class initialized using 'CodeIgniter\Session\Handlers\DatabaseHandler' driver.
INFO - 2023-04-11 13:46:39 --> Session: Class initialized using 'CodeIgniter\Session\Handlers\DatabaseHandler' driver.
INFO - 2023-04-11 13:46:39 --> Session: Class initialized using 'CodeIgniter\Session\Handlers\DatabaseHandler' driver.
INFO - 2023-04-11 13:47:07 --> Session: Class initialized using 'CodeIgniter\Session\Handlers\DatabaseHandler' driver.
CRITICAL - 2023-04-11 13:47:07 --> The action you requested is not allowed.
in SYSTEMPATH/Security/Security.php on line 306.
 1 SYSTEMPATH/Security/Security.php(306): CodeIgniter\Security\Exceptions\SecurityException::forDisallowedAction()
 2 SYSTEMPATH/Filters/CSRF.php(55): CodeIgniter\Security\Security->verify(Object(CodeIgniter\HTTP\IncomingRequest))
 3 SYSTEMPATH/Filters/Filters.php(173): CodeIgniter\Filters\CSRF->before(Object(CodeIgniter\HTTP\IncomingRequest), null)
 4 SYSTEMPATH/CodeIgniter.php(473): CodeIgniter\Filters\Filters->run('adm/storage/add-inits/f3cfda3086640ad6a2e4ed6e25975c42176424883546f14b01b6de3683003bdb9ed4779c9c7f4e4c81ec553a0ccec10afda36fd402d430550581070d3a94b56f78f7f6f1da86db94b74a926c200c715dd3', 'before')
 5 SYSTEMPATH/CodeIgniter.php(368): CodeIgniter\CodeIgniter->handleRequest(null, Object(Config\Cache), false)
 6 FCPATH/index.php(67): CodeIgniter\CodeIgniter->run()
 7 SYSTEMPATH/Commands/Server/rewrite.php(47): require_once('/home/diego/_PHP/adm-codeigniter/public/index.php')
INFO - 2023-04-11 13:47:10 --> Session: Class initialized using 'CodeIgniter\Session\Handlers\DatabaseHandler' driver.
INFO - 2023-04-11 13:47:10 --> Session: Class initialized using 'CodeIgniter\Session\Handlers\DatabaseHandler' driver.
INFO - 2023-04-11 13:47:38 --> Session: Class initialized using 'CodeIgniter\Session\Handlers\DatabaseHandler' driver.
INFO - 2023-04-11 13:47:39 --> Session: Class initialized using 'CodeIgniter\Session\Handlers\DatabaseHandler' driver.
INFO - 2023-04-11 13:47:43 --> Session: Class initialized using 'CodeIgniter\Session\Handlers\DatabaseHandler' driver.
INFO - 2023-04-11 13:47:43 --> CSRF token verified.
INFO - 2023-04-11 13:47:49 --> Session: Class initialized using 'CodeIgniter\Session\Handlers\DatabaseHandler' driver.
INFO - 2023-04-11 13:47:49 --> Session: Class initialized using 'CodeIgniter\Session\Handlers\DatabaseHandler' driver.
INFO - 2023-04-11 13:47:59 --> Session: Class initialized using 'CodeIgniter\Session\Handlers\DatabaseHandler' driver.
INFO - 2023-04-11 13:47:59 --> CSRF token verified.
INFO - 2023-04-11 13:53:20 --> Session: Class initialized using 'CodeIgniter\Session\Handlers\DatabaseHandler' driver.
INFO - 2023-04-11 13:53:20 --> Session: Class initialized using 'CodeIgniter\Session\Handlers\DatabaseHandler' driver.
INFO - 2023-04-11 13:53:24 --> Session: Class initialized using 'CodeIgniter\Session\Handlers\DatabaseHandler' driver.
INFO - 2023-04-11 13:53:24 --> CSRF token verified.
INFO - 2023-04-11 13:53:24 --> Session: Class initialized using 'CodeIgniter\Session\Handlers\DatabaseHandler' driver.
INFO - 2023-04-11 13:53:25 --> Session: Class initialized using 'CodeIgniter\Session\Handlers\DatabaseHandler' driver.
INFO - 2023-04-11 13:58:52 --> Session: Class initialized using 'CodeIgniter\Session\Handlers\DatabaseHandler' driver.
INFO - 2023-04-11 13:58:52 --> CSRF token verified.
INFO - 2023-04-11 13:58:52 --> Session: Class initialized using 'CodeIgniter\Session\Handlers\DatabaseHandler' driver.
INFO - 2023-04-11 13:58:52 --> Session: Class initialized using 'CodeIgniter\Session\Handlers\DatabaseHandler' driver.
INFO - 2023-04-11 14:00:09 --> Session: Class initialized using 'CodeIgniter\Session\Handlers\DatabaseHandler' driver.
INFO - 2023-04-11 14:00:09 --> CSRF token verified.
INFO - 2023-04-11 14:00:09 --> Session: Class initialized using 'CodeIgniter\Session\Handlers\DatabaseHandler' driver.
INFO - 2023-04-11 14:00:09 --> Session: Class initialized using 'CodeIgniter\Session\Handlers\DatabaseHandler' driver.
INFO - 2023-04-11 14:00:19 --> Session: Class initialized using 'CodeIgniter\Session\Handlers\DatabaseHandler' driver.
INFO - 2023-04-11 14:00:19 --> Session: Class initialized using 'CodeIgniter\Session\Handlers\DatabaseHandler' driver.
INFO - 2023-04-11 14:00:21 --> Session: Class initialized using 'CodeIgniter\Session\Handlers\DatabaseHandler' driver.
INFO - 2023-04-11 14:00:21 --> CSRF token verified.
INFO - 2023-04-11 14:00:21 --> Session: Class initialized using 'CodeIgniter\Session\Handlers\DatabaseHandler' driver.
INFO - 2023-04-11 14:00:21 --> Session: Class initialized using 'CodeIgniter\Session\Handlers\DatabaseHandler' driver.
INFO - 2023-04-11 14:03:14 --> Session: Class initialized using 'CodeIgniter\Session\Handlers\DatabaseHandler' driver.
INFO - 2023-04-11 14:03:14 --> CSRF token verified.
CRITICAL - 2023-04-11 14:03:14 --> Allowed fields must be specified for model: "App\Models\Storage"
in SYSTEMPATH/BaseModel.php on line 1242.
 1 SYSTEMPATH/BaseModel.php(1242): CodeIgniter\Database\Exceptions\DataException::forInvalidAllowedFields('App\\Models\\Storage')
 2 SYSTEMPATH/BaseModel.php(919): CodeIgniter\BaseModel->doProtectFields([...])
 3 SYSTEMPATH/Model.php(756): CodeIgniter\BaseModel->update(null, [...])
 4 APPPATH/Repository/ORMdefault/BaseRepository.php(31): CodeIgniter\Model->update()
 5 APPPATH/Controllers/Adm/Storage/StorageController.php(103): App\Repository\ORMdefault\BaseRepository->update(1, [...])
 6 SYSTEMPATH/CodeIgniter.php(934): App\Controllers\Adm\Storage\StorageController->addUnits('f3cfda3086640ad6a2e4ed6e25975c42176424883546f14b01b6de3683003bdb9ed4779c9c7f4e4c81ec553a0ccec10afda36fd402d430550581070d3a94b56f78f7f6f1da86db94b74a926c200c715dd3')
 7 SYSTEMPATH/CodeIgniter.php(499): CodeIgniter\CodeIgniter->runController(Object(App\Controllers\Adm\Storage\StorageController))
 8 SYSTEMPATH/CodeIgniter.php(368): CodeIgniter\CodeIgniter->handleRequest(null, Object(Config\Cache), false)
 9 FCPATH/index.php(67): CodeIgniter\CodeIgniter->run()
10 SYSTEMPATH/Commands/Server/rewrite.php(47): require_once('/home/diego/_PHP/adm-codeigniter/public/index.php')
INFO - 2023-04-11 14:03:23 --> Session: Class initialized using 'CodeIgniter\Session\Handlers\DatabaseHandler' driver.
INFO - 2023-04-11 14:03:23 --> Session: Class initialized using 'CodeIgniter\Session\Handlers\DatabaseHandler' driver.
INFO - 2023-04-11 14:05:23 --> Session: Class initialized using 'CodeIgniter\Session\Handlers\DatabaseHandler' driver.
INFO - 2023-04-11 14:05:23 --> CSRF token verified.
INFO - 2023-04-11 14:05:23 --> Session: Class initialized using 'CodeIgniter\Session\Handlers\DatabaseHandler' driver.
INFO - 2023-04-11 14:05:23 --> Session: Class initialized using 'CodeIgniter\Session\Handlers\DatabaseHandler' driver.
INFO - 2023-04-11 14:05:24 --> Session: Class initialized using 'CodeIgniter\Session\Handlers\DatabaseHandler' driver.
INFO - 2023-04-11 14:05:24 --> Session: Class initialized using 'CodeIgniter\Session\Handlers\DatabaseHandler' driver.
INFO - 2023-04-11 14:05:28 --> Session: Class initialized using 'CodeIgniter\Session\Handlers\DatabaseHandler' driver.
INFO - 2023-04-11 14:05:28 --> Session: Class initialized using 'CodeIgniter\Session\Handlers\DatabaseHandler' driver.
INFO - 2023-04-11 14:05:31 --> Session: Class initialized using 'CodeIgniter\Session\Handlers\DatabaseHandler' driver.
INFO - 2023-04-11 14:05:32 --> Session: Class initialized using 'CodeIgniter\Session\Handlers\DatabaseHandler' driver.
INFO - 2023-04-11 14:05:32 --> Session: Class initialized using 'CodeIgniter\Session\Handlers\DatabaseHandler' driver.
INFO - 2023-04-11 14:05:32 --> Session: Class initialized using 'CodeIgniter\Session\Handlers\DatabaseHandler' driver.
INFO - 2023-04-11 14:05:54 --> Session: Class initialized using 'CodeIgniter\Session\Handlers\DatabaseHandler' driver.
INFO - 2023-04-11 14:05:54 --> Session: Class initialized using 'CodeIgniter\Session\Handlers\DatabaseHandler' driver.
INFO - 2023-04-11 14:06:46 --> Session: Class initialized using 'CodeIgniter\Session\Handlers\DatabaseHandler' driver.
INFO - 2023-04-11 14:06:46 --> Session: Class initialized using 'CodeIgniter\Session\Handlers\DatabaseHandler' driver.
INFO - 2023-04-11 14:06:46 --> Session: Class initialized using 'CodeIgniter\Session\Handlers\DatabaseHandler' driver.
INFO - 2023-04-11 14:06:46 --> Session: Class initialized using 'CodeIgniter\Session\Handlers\DatabaseHandler' driver.
INFO - 2023-04-11 14:07:11 --> Session: Class initialized using 'CodeIgniter\Session\Handlers\DatabaseHandler' driver.
INFO - 2023-04-11 14:07:11 --> Session: Class initialized using 'CodeIgniter\Session\Handlers\DatabaseHandler' driver.
INFO - 2023-04-11 14:07:14 --> Session: Class initialized using 'CodeIgniter\Session\Handlers\DatabaseHandler' driver.
INFO - 2023-04-11 14:07:14 --> Session: Class initialized using 'CodeIgniter\Session\Handlers\DatabaseHandler' driver.
INFO - 2023-04-11 14:07:19 --> Session: Class initialized using 'CodeIgniter\Session\Handlers\DatabaseHandler' driver.
INFO - 2023-04-11 14:07:19 --> Session: Class initialized using 'CodeIgniter\Session\Handlers\DatabaseHandler' driver.
INFO - 2023-04-11 14:07:19 --> Session: Class initialized using 'CodeIgniter\Session\Handlers\DatabaseHandler' driver.
INFO - 2023-04-11 14:07:19 --> Session: Class initialized using 'CodeIgniter\Session\Handlers\DatabaseHandler' driver.
INFO - 2023-04-11 14:09:09 --> Session: Class initialized using 'CodeIgniter\Session\Handlers\DatabaseHandler' driver.
INFO - 2023-04-11 14:09:09 --> Session: Class initialized using 'CodeIgniter\Session\Handlers\DatabaseHandler' driver.
INFO - 2023-04-11 14:09:09 --> Session: Class initialized using 'CodeIgniter\Session\Handlers\DatabaseHandler' driver.
INFO - 2023-04-11 14:09:09 --> Session: Class initialized using 'CodeIgniter\Session\Handlers\DatabaseHandler' driver.
INFO - 2023-04-11 14:09:12 --> Session: Class initialized using 'CodeIgniter\Session\Handlers\DatabaseHandler' driver.
INFO - 2023-04-11 14:09:13 --> Session: Class initialized using 'CodeIgniter\Session\Handlers\DatabaseHandler' driver.
INFO - 2023-04-11 14:09:14 --> Session: Class initialized using 'CodeIgniter\Session\Handlers\DatabaseHandler' driver.
INFO - 2023-04-11 14:09:15 --> Session: Class initialized using 'CodeIgniter\Session\Handlers\DatabaseHandler' driver.
INFO - 2023-04-11 14:09:15 --> Session: Class initialized using 'CodeIgniter\Session\Handlers\DatabaseHandler' driver.
INFO - 2023-04-11 14:09:27 --> Session: Class initialized using 'CodeIgniter\Session\Handlers\DatabaseHandler' driver.
INFO - 2023-04-11 14:09:27 --> CSRF token verified.
INFO - 2023-04-11 14:09:27 --> Session: Class initialized using 'CodeIgniter\Session\Handlers\DatabaseHandler' driver.
INFO - 2023-04-11 14:09:28 --> Session: Class initialized using 'CodeIgniter\Session\Handlers\DatabaseHandler' driver.
INFO - 2023-04-11 14:09:28 --> Session: Class initialized using 'CodeIgniter\Session\Handlers\DatabaseHandler' driver.
INFO - 2023-04-11 14:09:28 --> Session: Class initialized using 'CodeIgniter\Session\Handlers\DatabaseHandler' driver.
INFO - 2023-04-11 14:10:06 --> Session: Class initialized using 'CodeIgniter\Session\Handlers\DatabaseHandler' driver.
INFO - 2023-04-11 14:10:06 --> Session: Class initialized using 'CodeIgniter\Session\Handlers\DatabaseHandler' driver.
INFO - 2023-04-11 14:10:06 --> Session: Class initialized using 'CodeIgniter\Session\Handlers\DatabaseHandler' driver.
INFO - 2023-04-11 14:10:07 --> Session: Class initialized using 'CodeIgniter\Session\Handlers\DatabaseHandler' driver.
INFO - 2023-04-11 14:10:10 --> Session: Class initialized using 'CodeIgniter\Session\Handlers\DatabaseHandler' driver.
INFO - 2023-04-11 14:10:10 --> Session: Class initialized using 'CodeIgniter\Session\Handlers\DatabaseHandler' driver.
INFO - 2023-04-11 14:10:14 --> Session: Class initialized using 'CodeIgniter\Session\Handlers\DatabaseHandler' driver.
INFO - 2023-04-11 14:10:14 --> Session: Class initialized using 'CodeIgniter\Session\Handlers\DatabaseHandler' driver.
